2022-12-21/11:15:50---------Start of Training
2022-12-21/11:15:50---------Data Load Successful.Exited the get_data method of the Data_Getter class
2022-12-21/11:15:50---------size of the training data :(1674, 592)
2022-12-21/11:15:50---------Column removal Successful.Exited the remove_columns method of the Preprocessor class
2022-12-21/11:15:50---------Entered the separate_label_feature method of the Preprocessor class
2022-12-21/11:15:50---------Label Separation Successful. Exited the separate_label_feature method of the Preprocessor class
2022-12-21/11:15:50---------Entered the is_null_present method of the Preprocessor class
2022-12-21/11:15:50---------Finding missing values is a success.Data written to the null values file. Exited the is_null_present method of the Preprocessor class
2022-12-21/11:15:50---------Entered the impute_missing_values method of the Preprocessor class
2022-12-21/11:15:52---------Imputing missing values Successful. Exited the impute_missing_values method of the Preprocessor class
2022-12-21/11:15:52---------Entered the get_columns_with_zero_std_deviation method of the Preprocessor class
2022-12-21/11:15:54---------Column search for Standard Deviation of Zero Successful. Exited the get_columns_with_zero_std_deviation method of the Preprocessor class
2022-12-21/11:15:54---------Column removal Successful.Exited the remove_columns method of the Preprocessor class
2022-12-21/11:15:54---------Entered the elbow_plot method of the KMeansClustering class
2022-12-21/11:15:56---------The optimum number of clusters is: 3 . Exited the elbow_plot method of the KMeansClustering class
2022-12-21/11:16:02---------Entered the create_clusters method of the KMeansClustering class
2022-12-21/11:16:02---------Entered the save_model method of the File_Operation class
2022-12-21/11:16:02---------Model File KMeans saved. Exited the save_model method of the Model_Finder class
2022-12-21/11:16:02---------succesfully created 3clusters. Exited the create_clusters method of the KMeansClustering class
2022-12-21/11:16:35---------Entered the get_best_model method of the Model_Finder class
2022-12-21/11:18:19---------XGBoost best params: {'learning_rate': 0.5, 'max_depth': 3, 'n_estimators': 10}. Exited the get_best_params_for_xgboost method of the Model_Finder class
2022-12-21/11:18:20---------AUC for XGBoost:0.75
2022-12-21/11:18:20---------Entered the get_best_params_for_random_forest method of the Model_Finder class
2022-12-21/11:19:00---------Random Forest best params: {'criterion': 'gini', 'max_depth': 2, 'max_features': 'auto', 'n_estimators': 10}. Exited the get_best_params_for_random_forest method of the Model_Finder class
2022-12-21/11:19:00---------AUC for RF:0.5
2022-12-21/11:19:05---------Entered the save_model method of the File_Operation class
2022-12-21/11:19:05---------Model File XGBoost1 saved. Exited the save_model method of the Model_Finder class
2022-12-21/11:19:13---------Entered the get_best_model method of the Model_Finder class
2022-12-21/11:19:36---------XGBoost best params: {'learning_rate': 0.5, 'max_depth': 3, 'n_estimators': 10}. Exited the get_best_params_for_xgboost method of the Model_Finder class
2022-12-21/11:19:36---------AUC for XGBoost:1.0
2022-12-21/11:19:36---------Entered the get_best_params_for_random_forest method of the Model_Finder class
2022-12-21/11:20:04---------Random Forest best params: {'criterion': 'gini', 'max_depth': 3, 'max_features': 'auto', 'n_estimators': 50}. Exited the get_best_params_for_random_forest method of the Model_Finder class
2022-12-21/11:20:04---------AUC for RF:0.875
2022-12-21/11:20:04---------Entered the save_model method of the File_Operation class
2022-12-21/11:20:04---------Model File XGBoost0 saved. Exited the save_model method of the Model_Finder class
2022-12-21/11:20:05---------Entered the get_best_model method of the Model_Finder class
2022-12-21/11:20:39---------XGBoost best params: {'learning_rate': 0.1, 'max_depth': 3, 'n_estimators': 10}. Exited the get_best_params_for_xgboost method of the Model_Finder class
2022-12-21/11:20:39---------AUC for XGBoost:0.9846153846153847
2022-12-21/11:20:39---------Entered the get_best_params_for_random_forest method of the Model_Finder class
2022-12-21/11:21:10---------Random Forest best params: {'criterion': 'gini', 'max_depth': 3, 'max_features': 'auto', 'n_estimators': 100}. Exited the get_best_params_for_random_forest method of the Model_Finder class
2022-12-21/11:21:10---------AUC for RF:0.5833333333333334
2022-12-21/11:21:10---------Entered the save_model method of the File_Operation class
2022-12-21/11:21:10---------Model File XGBoost2 saved. Exited the save_model method of the Model_Finder class
2022-12-21/11:21:14---------Successful End of Training
