2022-12-21/11:43:10--------->Start of Training
2022-12-21/11:43:11--------->Data Load Successful.Exited the get_data method of the Data_Getter class
2022-12-21/11:43:11--------->size of the training data :(1674, 592)
2022-12-21/11:43:11--------->Column removal Successful.Exited the remove_columns method of the Preprocessor class
2022-12-21/11:43:11--------->Entered the separate_label_feature method of the Preprocessor class
2022-12-21/11:43:11--------->Label Separation Successful. Exited the separate_label_feature method of the Preprocessor class
2022-12-21/11:43:11--------->Entered the is_null_present method of the Preprocessor class
2022-12-21/11:43:11--------->Finding missing values is a success.Data written to the null values file. Exited the is_null_present method of the Preprocessor class
2022-12-21/11:43:11--------->Entered the impute_missing_values method of the Preprocessor class
2022-12-21/11:43:13--------->Imputing missing values Successful. Exited the impute_missing_values method of the Preprocessor class
2022-12-21/11:43:13--------->Entered the get_columns_with_zero_std_deviation method of the Preprocessor class
2022-12-21/11:43:14--------->Column search for Standard Deviation of Zero Successful. Exited the get_columns_with_zero_std_deviation method of the Preprocessor class
2022-12-21/11:43:14--------->Column removal Successful.Exited the remove_columns method of the Preprocessor class
2022-12-21/11:43:14--------->Entered the elbow_plot method of the KMeansClustering class
2022-12-21/11:43:16--------->The optimum number of clusters is: 3 . Exited the elbow_plot method of the KMeansClustering class
2022-12-21/11:43:16--------->Entered the create_clusters method of the KMeansClustering class
2022-12-21/11:43:16--------->Entered the save_model method of the File_Operation class
2022-12-21/11:43:16--------->Model File KMeans saved. Exited the save_model method of the Model_Finder class
2022-12-21/11:43:16--------->succesfully created 3clusters. Exited the create_clusters method of the KMeansClustering class
2022-12-21/11:43:21--------->Entered the get_best_model method of the Model_Finder class
2022-12-21/11:45:04--------->XGBoost best params: {'learning_rate': 0.5, 'max_depth': 3, 'n_estimators': 10}. Exited the get_best_params_for_xgboost method of the Model_Finder class
2022-12-21/11:45:07--------->AUC for XGBoost:0.75
2022-12-21/11:45:07--------->Entered the get_best_params_for_random_forest method of the Model_Finder class
2022-12-21/11:45:44--------->Random Forest best params: {'criterion': 'gini', 'max_depth': 2, 'max_features': 'auto', 'n_estimators': 10}. Exited the get_best_params_for_random_forest method of the Model_Finder class
2022-12-21/11:45:44--------->AUC for RF:0.5
2022-12-21/11:45:44--------->Entered the save_model method of the File_Operation class
2022-12-21/11:45:44--------->Model File XGBoost1 saved. Exited the save_model method of the Model_Finder class
2022-12-21/11:45:50--------->Entered the get_best_model method of the Model_Finder class
2022-12-21/11:46:13--------->XGBoost best params: {'learning_rate': 0.5, 'max_depth': 3, 'n_estimators': 10}. Exited the get_best_params_for_xgboost method of the Model_Finder class
2022-12-21/11:46:13--------->AUC for XGBoost:1.0
2022-12-21/11:46:13--------->Entered the get_best_params_for_random_forest method of the Model_Finder class
2022-12-21/11:46:41--------->Random Forest best params: {'criterion': 'gini', 'max_depth': 3, 'max_features': 'auto', 'n_estimators': 100}. Exited the get_best_params_for_random_forest method of the Model_Finder class
2022-12-21/11:46:41--------->AUC for RF:0.875
2022-12-21/11:46:41--------->Entered the save_model method of the File_Operation class
2022-12-21/11:46:41--------->Model File XGBoost0 saved. Exited the save_model method of the Model_Finder class
2022-12-21/11:46:46--------->Entered the get_best_model method of the Model_Finder class
2022-12-21/11:47:20--------->XGBoost best params: {'learning_rate': 0.1, 'max_depth': 3, 'n_estimators': 10}. Exited the get_best_params_for_xgboost method of the Model_Finder class
2022-12-21/11:47:20--------->AUC for XGBoost:0.9846153846153847
2022-12-21/11:47:20--------->Entered the get_best_params_for_random_forest method of the Model_Finder class
2022-12-21/11:47:50--------->Random Forest best params: {'criterion': 'gini', 'max_depth': 3, 'max_features': 'log2', 'n_estimators': 10}. Exited the get_best_params_for_random_forest method of the Model_Finder class
2022-12-21/11:47:50--------->AUC for RF:0.49230769230769234
2022-12-21/11:47:50--------->Entered the save_model method of the File_Operation class
2022-12-21/11:47:50--------->Model File XGBoost2 saved. Exited the save_model method of the Model_Finder class
2022-12-21/11:47:50--------->Successful End of Training
